# JRE version: Java(TM) SE Runtime Environment (8.0_74-b02) (build 1.8.0_74-b02)
# Java VM: Java HotSpot(TM) Client VM (25.74-b02 mixed mode windows-x86 )
Heap:
 def new generation   total 12480K, used 10477K [0x03800000, 0x04580000, 0x08d50000)
  eden space 11136K,  94% used [0x03800000, 0x0423b430, 0x042e0000)
  from space 1344K,   0% used [0x042e0000, 0x042e0000, 0x04430000)
  to   space 1344K,   0% used [0x04430000, 0x04430000, 0x04580000)
 tenured generation   total 27552K, used 15158K [0x08d50000, 0x0a838000, 0x13800000)
   the space 27552K,  55% used [0x08d50000, 0x09c1d900, 0x09c1da00, 0x0a838000)
 Metaspace       used 6819K, capacity 6981K, committed 7168K, reserved 7552K
GC Heap History (10 events):
Event: 10.242 GC heap before
{Heap before GC invocations=9 (full 3):
 def new generation   total 11520K, used 10010K [0x03800000, 0x04480000, 0x08d50000)
  eden space 10240K,  97% used [0x03800000, 0x041c68a0, 0x04200000)
  from space 1280K,   0% used [0x04200000, 0x04200000, 0x04340000)
  to   space 1280K,   0% used [0x04340000, 0x04340000, 0x04480000)
 tenured generation   total 25524K, used 15313K [0x08d50000, 0x0a63d000, 0x13800000)
   the space 25524K,  59% used [0x08d50000, 0x09c44610, 0x09c44800, 0x0a63d000)
 Metaspace       used 6821K, capacity 6996K, committed 7168K, reserved 7552K
Event: 10.246 GC heap after
Heap after GC invocations=10 (full 3):
 def new generation   total 11520K, used 1048K [0x03800000, 0x04480000, 0x08d50000)
  eden space 10240K,   0% used [0x03800000, 0x03800000, 0x04200000)
  from space 1280K,  81% used [0x04340000, 0x04446258, 0x04480000)
  to   space 1280K,   0% used [0x04200000, 0x04200000, 0x04340000)
 tenured generation   total 25524K, used 18923K [0x08d50000, 0x0a63d000, 0x13800000)
   the space 25524K,  74% used [0x08d50000, 0x09fcae20, 0x09fcb000, 0x0a63d000)
 Metaspace       used 6821K, capacity 6996K, committed 7168K, reserved 7552K
}
Event: 19.306 GC heap before
{Heap before GC invocations=10 (full 3):
 def new generation   total 11520K, used 9369K [0x03800000, 0x04480000, 0x08d50000)
  eden space 10240K,  81% used [0x03800000, 0x040202a0, 0x04200000)
  from space 1280K,  81% used [0x04340000, 0x04446258, 0x04480000)
  to   space 1280K,   0% used [0x04200000, 0x04200000, 0x04340000)
 tenured generation   total 25524K, used 20948K [0x08d50000, 0x0a63d000, 0x13800000)
   the space 25524K,  82% used [0x08d50000, 0x0a1c5230, 0x0a1c5400, 0x0a63d000)
 Metaspace       used 6821K, capacity 6996K, committed 7168K, reserved 7552K
Event: 19.308 GC heap after
Heap after GC invocations=11 (full 3):
 def new generation   total 11520K, used 5K [0x03800000, 0x04480000, 0x08d50000)
  eden space 10240K,   0% used [0x03800000, 0x03800000, 0x04200000)
  from space 1280K,   0% used [0x04200000, 0x042015f8, 0x04340000)
  to   space 1280K,   0% used [0x04340000, 0x04340000, 0x04480000)
 tenured generation   total 25524K, used 21995K [0x08d50000, 0x0a63d000, 0x13800000)
   the space 25524K,  86% used [0x08d50000, 0x0a2cac08, 0x0a2cae00, 0x0a63d000)
 Metaspace       used 6821K, capacity 6996K, committed 7168K, reserved 7552K
}
Event: 32.853 GC heap before
{Heap before GC invocations=11 (full 3):
 def new generation   total 11520K, used 10245K [0x03800000, 0x04480000, 0x08d50000)
  eden space 10240K, 100% used [0x03800000, 0x04200000, 0x04200000)
  from space 1280K,   0% used [0x04200000, 0x04201618, 0x04340000)
  to   space 1280K,   0% used [0x04340000, 0x04340000, 0x04480000)
 tenured generation   total 25524K, used 21995K [0x08d50000, 0x0a63d000, 0x13800000)
   the space 25524K,  86% used [0x08d50000, 0x0a2cac08, 0x0a2cae00, 0x0a63d000)
 Metaspace       used 6821K, capacity 6996K, committed 7168K, reserved 7552K
Event: 32.856 GC heap after
Heap after GC invocations=12 (full 3):
 def new generation   total 11520K, used 6K [0x03800000, 0x04480000, 0x08d50000)
  eden space 10240K,   0% used [0x03800000, 0x03800000, 0x04200000)
  from space 1280K,   0% used [0x04340000, 0x043418b8, 0x04480000)
  to   space 1280K,   0% used [0x04200000, 0x04200000, 0x04340000)
 tenured generation   total 25524K, used 24020K [0x08d50000, 0x0a63d000, 0x13800000)
   the space 25524K,  94% used [0x08d50000, 0x0a4c5018, 0x0a4c5200, 0x0a63d000)
 Metaspace       used 6821K, capacity 6996K, committed 7168K, reserved 7552K
}
Event: 42.012 GC heap before
{Heap before GC invocations=12 (full 3):
 def new generation   total 11520K, used 8429K [0x03800000, 0x04480000, 0x08d50000)
  eden space 10240K,  82% used [0x03800000, 0x04039f30, 0x04200000)
  from space 1280K,   0% used [0x04340000, 0x043418b8, 0x04480000)
  to   space 1280K,   0% used [0x04200000, 0x04200000, 0x04340000)
 tenured generation   total 27552K, used 26045K [0x08d50000, 0x0a838000, 0x13800000)
   the space 27552K,  94% used [0x08d50000, 0x0a6bf428, 0x0a6bf600, 0x0a838000)
 Metaspace       used 6821K, capacity 6996K, committed 7168K, reserved 7552K
Event: 42.013 GC heap after
Heap after GC invocations=13 (full 3):
 def new generation   total 11520K, used 7K [0x03800000, 0x04480000, 0x08d50000)
  eden space 10240K,   0% used [0x03800000, 0x03800000, 0x04200000)
  from space 1280K,   0% used [0x04200000, 0x04201c60, 0x04340000)
  to   space 1280K,   0% used [0x04340000, 0x04340000, 0x04480000)
 tenured generation   total 27552K, used 26045K [0x08d50000, 0x0a838000, 0x13800000)
   the space 27552K,  94% used [0x08d50000, 0x0a6bf428, 0x0a6bf600, 0x0a838000)
 Metaspace       used 6821K, capacity 6996K, committed 7168K, reserved 7552K
}
Event: 55.575 GC heap before
{Heap before GC invocations=13 (full 3):
 def new generation   total 11520K, used 10247K [0x03800000, 0x04480000, 0x08d50000)
  eden space 10240K, 100% used [0x03800000, 0x04200000, 0x04200000)
  from space 1280K,   0% used [0x04200000, 0x04201c60, 0x04340000)
  to   space 1280K,   0% used [0x04340000, 0x04340000, 0x04480000)
 tenured generation   total 27552K, used 26045K [0x08d50000, 0x0a838000, 0x13800000)
   the space 27552K,  94% used [0x08d50000, 0x0a6bf428, 0x0a6bf600, 0x0a838000)
 Metaspace       used 6821K, capacity 6996K, committed 7168K, reserved 7552K
Event: 55.602 GC heap after
Heap after GC invocations=14 (full 4):
 def new generation   total 12480K, used 0K [0x03800000, 0x04580000, 0x08d50000)
  eden space 11136K,   0% used [0x03800000, 0x03800000, 0x042e0000)
  from space 1344K,   0% used [0x042e0000, 0x042e0000, 0x04430000)
  to   space 1344K,   0% used [0x04430000, 0x04430000, 0x04580000)
 tenured generation   total 27552K, used 15158K [0x08d50000, 0x0a838000, 0x13800000)
   the space 27552K,  55% used [0x08d50000, 0x09c1d900, 0x09c1da00, 0x0a838000)
 Metaspace       used 6815K, capacity 6981K, committed 7168K, reserved 7552K
}

